<?xml version="1.0" encoding="UTF-8"?>
<testng-results skipped="0" failed="0" ignored="0" total="1" passed="1">
  <reporter-output>
  </reporter-output>
  <suite name="Default suite" duration-ms="1003" started-at="2018-12-20T20:51:04Z" finished-at="2018-12-20T20:51:05Z">
    <groups>
    </groups>
    <test name="Default test" duration-ms="1003" started-at="2018-12-20T20:51:04Z" finished-at="2018-12-20T20:51:05Z">
      <class name="com.training.sdetday7.DBConnTest">
        <test-method status="PASS" signature="tc_Login()[pri:0, instance:com.training.sdetday7.DBConnTest@42dafa95]" name="tc_Login" duration-ms="950" started-at="2018-12-20T20:51:05Z" finished-at="2018-12-20T20:51:05Z">
          <reporter-output>
          </reporter-output>
        </test-method> <!-- tc_Login -->
      </class> <!-- com.training.sdetday7.DBConnTest -->
    </test> <!-- Default test -->
  </suite> <!-- Default suite -->
</testng-results>
