<?xml version="1.0" encoding="UTF-8"?>
<testng-results skipped="0" failed="0" ignored="0" total="1" passed="1">
  <reporter-output>
  </reporter-output>
  <suite name="Default suite" duration-ms="54" started-at="2018-12-19T15:28:33Z" finished-at="2018-12-19T15:28:33Z">
    <groups>
    </groups>
    <test name="Default test" duration-ms="54" started-at="2018-12-19T15:28:33Z" finished-at="2018-12-19T15:28:33Z">
      <class name="FMSeleniumMavenTest.FMSeleniumMavenTest.TestNgMave">
        <test-method status="PASS" signature="testng()[pri:0, instance:FMSeleniumMavenTest.FMSeleniumMavenTest.TestNgMave@1753acfe]" name="testng" duration-ms="16" started-at="2018-12-19T15:28:33Z" finished-at="2018-12-19T15:28:33Z">
          <reporter-output>
          </reporter-output>
        </test-method> <!-- testng -->
      </class> <!-- FMSeleniumMavenTest.FMSeleniumMavenTest.TestNgMave -->
    </test> <!-- Default test -->
  </suite> <!-- Default suite -->
</testng-results>
